2025-07-15 10:03:49,904 - Spotify OAuth setup error: No client_id. Pass it or set a SPOTIPY_CLIENT_ID environment variable.
2025-07-15 10:03:51,404 - Spotify OAuth setup error: No client_id. Pass it or set a SPOTIPY_CLIENT_ID environment variable.
2025-07-15 10:03:55,131 - Spotify OAuth setup error: No client_id. Pass it or set a SPOTIPY_CLIENT_ID environment variable.
2025-07-15 10:03:59,742 - Spotify OAuth setup error: No client_id. Pass it or set a SPOTIPY_CLIENT_ID environment variable.
2025-07-15 10:04:08,359 - Spotify OAuth setup error: No client_id. Pass it or set a SPOTIPY_CLIENT_ID environment variable.
2025-07-15 10:04:54,750 - Spotify OAuth setup error: No client_id. Pass it or set a SPOTIPY_CLIENT_ID environment variable.
2025-07-15 10:06:42,597 - Spotify OAuth setup error: No client_id. Pass it or set a SPOTIPY_CLIENT_ID environment variable.
2025-07-15 10:06:46,696 - Spotify OAuth setup error: No client_id. Pass it or set a SPOTIPY_CLIENT_ID environment variable.
2025-07-15 10:06:47,943 - Spotify OAuth setup error: No client_id. Pass it or set a SPOTIPY_CLIENT_ID environment variable.
2025-07-15 10:09:07,145 - Spotify OAuth setup error: No client_id. Pass it or set a SPOTIPY_CLIENT_ID environment variable.
2025-07-15 10:09:48,674 - Spotify OAuth setup error: No client_id. Pass it or set a SPOTIPY_CLIENT_ID environment variable.
2025-07-15 10:09:49,952 - Spotify OAuth setup error: No client_id. Pass it or set a SPOTIPY_CLIENT_ID environment variable.
2025-07-15 10:10:00,911 - Spotify OAuth setup error: No client_id. Pass it or set a SPOTIPY_CLIENT_ID environment variable.
2025-07-15 10:10:02,364 - Spotify OAuth setup error: No client_id. Pass it or set a SPOTIPY_CLIENT_ID environment variable.
2025-07-15 10:10:38,056 - Spotify OAuth setup error: No client_id. Pass it or set a SPOTIPY_CLIENT_ID environment variable.
2025-07-15 10:11:35,095 - Spotify OAuth setup error: No client_id. Pass it or set a SPOTIPY_CLIENT_ID environment variable.
2025-07-15 10:12:35,677 - Spotify OAuth setup error: No client_id. Pass it or set a SPOTIPY_CLIENT_ID environment variable.
2025-07-15 10:17:58,631 - Spotify OAuth setup error: No client_id. Pass it or set a SPOTIPY_CLIENT_ID environment variable.
2025-07-15 10:18:22,026 - Spotify OAuth setup error: No client_id. Pass it or set a SPOTIPY_CLIENT_ID environment variable.
2025-07-16 13:12:43,047 - User authentication requires interaction with your web browser. Once you enter your credentials and give authorization, you will be redirected to a url.  Paste that url you were directed to to complete the authorization.
2025-07-16 13:12:43,360 - Opened https://accounts.spotify.com/authorize?client_id=db28fd2101d24eca9836efdf239e535d&response_type=code&redirect_uri=http%3A%2F%2F127.0.0.1%3A8888%2Fcallback in your browser
2025-07-16 13:12:43,967 - HTTP Error for GET to https://api.spotify.com/v1/playlists/351kK9WWapGIGUw0LfC1tD/tracks with Params: {'limit': 100, 'offset': 0, 'fields': None, 'market': None, 'additional_types': 'track'} returned 403 due to Check settings on developer.spotify.com/dashboard, the user may not be registered.
2025-07-16 13:13:14,005 - HTTP Error for GET to https://api.spotify.com/v1/playlists/351kK9WWapGIGUw0LfC1tD/tracks with Params: {'limit': 100, 'offset': 0, 'fields': None, 'market': None, 'additional_types': 'track'} returned 403 due to Check settings on developer.spotify.com/dashboard, the user may not be registered.
2025-07-16 13:13:43,702 - HTTP Error for GET to https://api.spotify.com/v1/playlists/351kK9WWapGIGUw0LfC1tD/tracks with Params: {'limit': 100, 'offset': 0, 'fields': None, 'market': None, 'additional_types': 'track'} returned 403 due to Check settings on developer.spotify.com/dashboard, the user may not be registered.
2025-07-16 13:13:53,642 - HTTP Error for GET to https://api.spotify.com/v1/playlists/351kK9WWapGIGUw0LfC1tD/tracks with Params: {'limit': 100, 'offset': 0, 'fields': None, 'market': None, 'additional_types': 'track'} returned 403 due to Check settings on developer.spotify.com/dashboard, the user may not be registered.
2025-07-16 13:13:54,721 - HTTP Error for GET to https://api.spotify.com/v1/playlists/351kK9WWapGIGUw0LfC1tD/tracks with Params: {'limit': 100, 'offset': 0, 'fields': None, 'market': None, 'additional_types': 'track'} returned 403 due to Check settings on developer.spotify.com/dashboard, the user may not be registered.
2025-07-16 13:21:47,024 - HTTP Error for GET to https://api.spotify.com/v1/playlists/0sfe5zaF9l3uDj9rJWVe7i/tracks with Params: {'limit': 100, 'offset': 0, 'fields': None, 'market': None, 'additional_types': 'track'} returned 403 due to Check settings on developer.spotify.com/dashboard, the user may not be registered.
2025-07-18 17:54:09,429 - HTTP Error for GET to https://api.spotify.com/v1/playlists/0sfe5zaF9l3uDj9rJWVe7i/tracks with Params: {'limit': 100, 'offset': 0, 'fields': None, 'market': None, 'additional_types': 'track'} returned 403 due to Check settings on developer.spotify.com/dashboard, the user may not be registered.
2025-07-18 17:54:13,894 - HTTP Error for GET to https://api.spotify.com/v1/playlists/0sfe5zaF9l3uDj9rJWVe7i/tracks with Params: {'limit': 100, 'offset': 0, 'fields': None, 'market': None, 'additional_types': 'track'} returned 403 due to Check settings on developer.spotify.com/dashboard, the user may not be registered.
2025-07-18 17:54:30,489 - HTTP Error for GET to https://api.spotify.com/v1/playlists/4HfckGX0GvvYoAt51TV48s/tracks with Params: {'limit': 100, 'offset': 0, 'fields': None, 'market': None, 'additional_types': 'track'} returned 403 due to Check settings on developer.spotify.com/dashboard, the user may not be registered.
2025-07-19 08:22:21,458 - Processing Dance with Me by CORBAL...
2025-07-19 08:22:30,754 - Downloaded successfully: C:/Users/Dári Andrea/Desktop/test\Shiloh_Dynasty_Relax_Music_With_Rain\CORBAL - Dance with Me.mp3
2025-07-19 08:22:30,755 - Processing I'll Keep You Safe by sagun...
2025-07-19 08:22:38,882 - Downloaded successfully: C:/Users/Dári Andrea/Desktop/test\Shiloh_Dynasty_Relax_Music_With_Rain\sagun - Ill Keep You Safe.mp3
2025-07-19 08:22:38,882 - Processing One Dance by Shiloh Dynasty...
2025-07-19 08:22:45,895 - Downloaded successfully: C:/Users/Dári Andrea/Desktop/test\Shiloh_Dynasty_Relax_Music_With_Rain\Shiloh Dynasty - One Dance.mp3
2025-07-19 08:22:45,896 - Processing i'm closing my eyes by potsu...
2025-07-19 08:22:52,672 - Downloaded successfully: C:/Users/Dári Andrea/Desktop/test\Shiloh_Dynasty_Relax_Music_With_Rain\potsu - im closing my eyes.mp3
2025-07-19 08:22:52,672 - Processing Monday Loop by Tomppabeats...
2025-07-19 08:22:58,928 - Downloaded successfully: C:/Users/Dári Andrea/Desktop/test\Shiloh_Dynasty_Relax_Music_With_Rain\Tomppabeats - Monday Loop.mp3
2025-07-19 08:22:58,928 - Processing You're in My Head by moow...
2025-07-19 08:23:07,802 - Downloaded successfully: C:/Users/Dári Andrea/Desktop/test\Shiloh_Dynasty_Relax_Music_With_Rain\moow - Youre in My Head.mp3
2025-07-19 08:23:07,803 - Processing Sick of This by Just Big Hills...
2025-07-19 08:23:16,289 - Downloaded successfully: C:/Users/Dári Andrea/Desktop/test\Shiloh_Dynasty_Relax_Music_With_Rain\Just Big Hills - Sick of This.mp3
2025-07-19 08:23:16,289 - Error processing track I'm So Alone: 'charmap' codec can't encode character '\xd8' in position 28: character maps to <undefined>
2025-07-19 08:23:16,290 - Error processing track I'm So Alone: 'charmap' codec can't encode character '\xd8' in position 28: character maps to <undefined>
2025-07-19 08:23:16,290 - Error processing track I'm So Alone: 'charmap' codec can't encode character '\xd8' in position 28: character maps to <undefined>
2025-07-19 08:23:16,290 - Processing [oops] by potsu...
2025-07-19 08:23:23,108 - Downloaded successfully: C:/Users/Dári Andrea/Desktop/test\Shiloh_Dynasty_Relax_Music_With_Rain\potsu - oops.mp3
2025-07-19 08:23:23,109 - Processing 5:32pm by The Deli...
2025-07-19 08:23:30,210 - Downloaded successfully: C:/Users/Dári Andrea/Desktop/test\Shiloh_Dynasty_Relax_Music_With_Rain\The Deli - 532pm.mp3
2025-07-19 08:23:30,211 - Processing Getsomerest/sleepwell by quickly, quickly...
2025-07-19 08:23:39,712 - Downloaded successfully: C:/Users/Dári Andrea/Desktop/test\Shiloh_Dynasty_Relax_Music_With_Rain\quickly quickly - Getsomerestsleepwell.mp3
2025-07-19 08:23:39,712 - Processing summer nights. by halberd...
2025-07-19 08:23:46,196 - Downloaded successfully: C:/Users/Dári Andrea/Desktop/test\Shiloh_Dynasty_Relax_Music_With_Rain\halberd - summer nights..mp3
2025-07-19 08:23:46,197 - Processing Jovial by keloqz...
2025-07-19 08:24:06,340 - Downloaded successfully: C:/Users/Dári Andrea/Desktop/test\Shiloh_Dynasty_Relax_Music_With_Rain\keloqz - Jovial.mp3
2025-07-19 08:24:06,341 - Processing Losing Interest by itssvd...
2025-07-19 08:24:14,214 - Downloaded successfully: C:/Users/Dári Andrea/Desktop/test\Shiloh_Dynasty_Relax_Music_With_Rain\itssvd - Losing Interest.mp3
2025-07-19 08:24:14,214 - Processing Love Is More Depressing Than Depression by prxz...
2025-07-19 08:24:22,972 - Downloaded successfully: C:/Users/Dári Andrea/Desktop/test\Shiloh_Dynasty_Relax_Music_With_Rain\prxz - Love Is More Depressing Than Depression.mp3
2025-07-19 08:24:22,973 - Processing Imagination by CORBAL...
2025-07-19 08:24:29,708 - Downloaded successfully: C:/Users/Dári Andrea/Desktop/test\Shiloh_Dynasty_Relax_Music_With_Rain\CORBAL - Imagination.mp3
2025-07-19 08:24:29,708 - Processing I'll Bite Your Soul by SHRK...
2025-07-19 08:24:36,729 - Downloaded successfully: C:/Users/Dári Andrea/Desktop/test\Shiloh_Dynasty_Relax_Music_With_Rain\SHRK - Ill Bite Your Soul.mp3
2025-07-19 08:24:36,729 - Processing Soft Skin by timmies...
2025-07-19 08:24:43,352 - Downloaded successfully: C:/Users/Dári Andrea/Desktop/test\Shiloh_Dynasty_Relax_Music_With_Rain\timmies - Soft Skin.mp3
2025-07-19 08:24:43,353 - Processing Can't Love Myself by Monty Datta...
2025-07-19 08:24:50,118 - Downloaded successfully: C:/Users/Dári Andrea/Desktop/test\Shiloh_Dynasty_Relax_Music_With_Rain\Monty Datta - Cant Love Myself.mp3
2025-07-19 08:24:50,118 - Processing Love Again by itssvd...
2025-07-19 08:24:56,062 - Downloaded successfully: C:/Users/Dári Andrea/Desktop/test\Shiloh_Dynasty_Relax_Music_With_Rain\itssvd - Love Again.mp3
2025-07-19 08:24:56,063 - Processing Bad Idea! by Shiloh Dynasty...
2025-07-19 08:25:04,150 - Downloaded successfully: C:/Users/Dári Andrea/Desktop/test\Shiloh_Dynasty_Relax_Music_With_Rain\Shiloh Dynasty - Bad Idea.mp3
2025-07-19 08:25:04,151 - Processing Nobody Cares by Kina...
2025-07-19 08:25:12,445 - Downloaded successfully: C:/Users/Dári Andrea/Desktop/test\Shiloh_Dynasty_Relax_Music_With_Rain\Kina - Nobody Cares.mp3
2025-07-19 08:25:12,446 - Processing Would That Make You Love Me? by SHRK...
2025-07-19 08:25:20,121 - Downloaded successfully: C:/Users/Dári Andrea/Desktop/test\Shiloh_Dynasty_Relax_Music_With_Rain\SHRK - Would That Make You Love Me.mp3
2025-07-19 08:25:20,122 - Processing Tell Me Why I'm Waiting by timmies...
2025-07-19 08:25:26,773 - Downloaded successfully: C:/Users/Dári Andrea/Desktop/test\Shiloh_Dynasty_Relax_Music_With_Rain\timmies - Tell Me Why Im Waiting.mp3
2025-07-19 08:25:26,774 - Processing You Can't Control My Heart by Shiloh Dynasty...
2025-07-19 08:25:33,812 - Downloaded successfully: C:/Users/Dári Andrea/Desktop/test\Shiloh_Dynasty_Relax_Music_With_Rain\Shiloh Dynasty - You Cant Control My Heart.mp3
2025-07-19 08:25:33,813 - Processing You Are Loving by timmies...
2025-07-19 08:25:40,385 - Downloaded successfully: C:/Users/Dári Andrea/Desktop/test\Shiloh_Dynasty_Relax_Music_With_Rain\timmies - You Are Loving.mp3
2025-07-19 08:25:40,386 - Processing Baby You're Worth It by Kina...
2025-07-19 08:25:47,314 - Downloaded successfully: C:/Users/Dári Andrea/Desktop/test\Shiloh_Dynasty_Relax_Music_With_Rain\Kina - Baby Youre Worth It.mp3
2025-07-19 08:25:47,314 - Processing I'm Drunk And Confused by sagun...
2025-07-19 08:25:55,004 - Downloaded successfully: C:/Users/Dári Andrea/Desktop/test\Shiloh_Dynasty_Relax_Music_With_Rain\sagun - Im Drunk And Confused.mp3
2025-07-19 08:25:55,005 - Processing No I Don't Want, Just Anyone by Shiloh Dynasty...
2025-07-19 08:26:02,284 - Downloaded successfully: C:/Users/Dári Andrea/Desktop/test\Shiloh_Dynasty_Relax_Music_With_Rain\Shiloh Dynasty - No I Dont Want Just Anyone.mp3
2025-07-19 08:26:02,284 - Processing Cigarettes and Sex by prxz...
2025-07-19 08:26:08,409 - Downloaded successfully: C:/Users/Dári Andrea/Desktop/test\Shiloh_Dynasty_Relax_Music_With_Rain\prxz - Cigarettes and Sex.mp3
2025-07-19 08:26:08,410 - Processing falling down by Nohidea...
2025-07-19 08:26:14,692 - Downloaded successfully: C:/Users/Dári Andrea/Desktop/test\Shiloh_Dynasty_Relax_Music_With_Rain\Nohidea - falling down.mp3
2025-07-19 08:26:14,692 - Processing I Don't Trust Nobody by Shiloh Dynasty...
2025-07-19 08:26:20,738 - Downloaded successfully: C:/Users/Dári Andrea/Desktop/test\Shiloh_Dynasty_Relax_Music_With_Rain\Shiloh Dynasty - I Dont Trust Nobody.mp3
2025-07-19 08:26:20,739 - Processing I Miss You by SHRK...
2025-07-19 08:26:27,617 - Downloaded successfully: C:/Users/Dári Andrea/Desktop/test\Shiloh_Dynasty_Relax_Music_With_Rain\SHRK - I Miss You.mp3
2025-07-19 08:26:27,617 - Processing Oblivion by Rufi-O...
2025-07-19 08:26:34,639 - Downloaded successfully: C:/Users/Dári Andrea/Desktop/test\Shiloh_Dynasty_Relax_Music_With_Rain\Rufi-O - Oblivion.mp3
2025-07-19 08:26:34,640 - Processing With Somebody Else by Monty Datta...
2025-07-19 08:26:41,720 - Downloaded successfully: C:/Users/Dári Andrea/Desktop/test\Shiloh_Dynasty_Relax_Music_With_Rain\Monty Datta - With Somebody Else.mp3
2025-07-19 08:26:41,721 - Processing Again by Shiloh Dynasty...
2025-07-19 08:26:48,835 - Downloaded successfully: C:/Users/Dári Andrea/Desktop/test\Shiloh_Dynasty_Relax_Music_With_Rain\Shiloh Dynasty - Again.mp3
2025-07-19 08:26:48,835 - Processing Sorrows by XoXo7...
2025-07-19 08:26:54,031 - Downloaded successfully: C:/Users/Dári Andrea/Desktop/test\Shiloh_Dynasty_Relax_Music_With_Rain\XoXo7 - Sorrows.mp3
2025-07-19 08:26:54,032 - Processing Tell Me by Shiloh Dynasty...
2025-07-19 08:27:00,895 - Downloaded successfully: C:/Users/Dári Andrea/Desktop/test\Shiloh_Dynasty_Relax_Music_With_Rain\Shiloh Dynasty - Tell Me.mp3
2025-07-19 08:27:00,896 - Processing I Fall in Love, I'm Sorry by CORBAL...
2025-07-19 08:27:07,062 - Downloaded successfully: C:/Users/Dári Andrea/Desktop/test\Shiloh_Dynasty_Relax_Music_With_Rain\CORBAL - I Fall in Love Im Sorry.mp3
2025-07-19 08:27:07,063 - Processing Your Love Makes Me Depressed by CORBAL...
2025-07-19 08:27:13,298 - Downloaded successfully: C:/Users/Dári Andrea/Desktop/test\Shiloh_Dynasty_Relax_Music_With_Rain\CORBAL - Your Love Makes Me Depressed.mp3
2025-07-19 08:27:13,299 - Processing You Know That I Don't Play by CORBAL...
2025-07-19 08:27:19,583 - Downloaded successfully: C:/Users/Dári Andrea/Desktop/test\Shiloh_Dynasty_Relax_Music_With_Rain\CORBAL - You Know That I Dont Play.mp3
2025-07-19 08:27:19,584 - Processing Tried to Be Patient with You by CORBAL...
2025-07-19 08:27:25,691 - Downloaded successfully: C:/Users/Dári Andrea/Desktop/test\Shiloh_Dynasty_Relax_Music_With_Rain\CORBAL - Tried to Be Patient with You.mp3
2025-07-19 08:27:25,692 - Processing Love Is the Same as Sadness by CORBAL...
2025-07-19 08:27:37,260 - Downloaded successfully: C:/Users/Dári Andrea/Desktop/test\Shiloh_Dynasty_Relax_Music_With_Rain\CORBAL - Love Is the Same as Sadness.mp3
2025-07-19 08:27:37,261 - Processing the forest by Linearwave...
2025-07-19 08:27:44,961 - Downloaded successfully: C:/Users/Dári Andrea/Desktop/test\Shiloh_Dynasty_Relax_Music_With_Rain\Linearwave - the forest.mp3
2025-07-19 08:27:44,962 - Processing heartbroken by CORBAL...
2025-07-19 08:27:50,790 - Downloaded successfully: C:/Users/Dári Andrea/Desktop/test\Shiloh_Dynasty_Relax_Music_With_Rain\CORBAL - heartbroken.mp3
2025-07-19 08:27:50,790 - Processing her mind by itssvd...
2025-07-19 08:27:58,705 - Downloaded successfully: C:/Users/Dári Andrea/Desktop/test\Shiloh_Dynasty_Relax_Music_With_Rain\itssvd - her mind.mp3
2025-07-19 08:27:58,705 - Processing phone call by itssvd...
2025-07-19 08:28:05,050 - Downloaded successfully: C:/Users/Dári Andrea/Desktop/test\Shiloh_Dynasty_Relax_Music_With_Rain\itssvd - phone call.mp3
2025-07-19 08:28:05,051 - Processing for long by itssvd...
2025-07-19 08:28:10,938 - Downloaded successfully: C:/Users/Dári Andrea/Desktop/test\Shiloh_Dynasty_Relax_Music_With_Rain\itssvd - for long.mp3
2025-07-19 08:28:10,939 - Processing love myself by itssvd...
2025-07-19 08:28:17,088 - Downloaded successfully: C:/Users/Dári Andrea/Desktop/test\Shiloh_Dynasty_Relax_Music_With_Rain\itssvd - love myself.mp3
2025-07-19 08:28:17,089 - Processing coffee and cigarettes by itssvd...
2025-07-19 08:28:23,326 - Downloaded successfully: C:/Users/Dári Andrea/Desktop/test\Shiloh_Dynasty_Relax_Music_With_Rain\itssvd - coffee and cigarettes.mp3
2025-07-19 08:28:23,326 - Processing i luv that girl by itssvd...
2025-07-19 08:28:29,761 - Downloaded successfully: C:/Users/Dári Andrea/Desktop/test\Shiloh_Dynasty_Relax_Music_With_Rain\itssvd - i luv that girl.mp3
2025-07-19 08:28:29,762 - Processing cold nights by itssvd...
2025-07-19 08:28:36,074 - Downloaded successfully: C:/Users/Dári Andrea/Desktop/test\Shiloh_Dynasty_Relax_Music_With_Rain\itssvd - cold nights.mp3
2025-07-19 08:28:36,074 - Processing i'm lonely now by itssvd...
2025-07-19 08:28:42,283 - Downloaded successfully: C:/Users/Dári Andrea/Desktop/test\Shiloh_Dynasty_Relax_Music_With_Rain\itssvd - im lonely now.mp3
2025-07-19 08:28:42,283 - Processing i don't feel part of the world anymore by itssvd...
2025-07-19 08:28:48,437 - Downloaded successfully: C:/Users/Dári Andrea/Desktop/test\Shiloh_Dynasty_Relax_Music_With_Rain\itssvd - i dont feel part of the world anymore.mp3
2025-07-19 08:28:48,437 - Processing you're just playing with my heart by itssvd...
2025-07-19 08:28:54,514 - Downloaded successfully: C:/Users/Dári Andrea/Desktop/test\Shiloh_Dynasty_Relax_Music_With_Rain\itssvd - youre just playing with my heart.mp3
2025-07-19 08:28:54,515 - Processing this really makes me wanna die by itssvd...
2025-07-19 08:28:54,992 - Retrying download for this really makes me wanna die... 2 attempts left.
2025-07-19 08:28:56,992 - Processing this really makes me wanna die by itssvd...
2025-07-19 08:28:57,469 - Retrying download for this really makes me wanna die... 1 attempts left.
2025-07-19 08:28:59,470 - Processing this really makes me wanna die by itssvd...
2025-07-19 08:28:59,953 - Retrying download for this really makes me wanna die... 0 attempts left.
2025-07-19 08:29:01,954 - Processing this is a suicide note by itssvd...
2025-07-19 08:29:02,401 - Retrying download for this is a suicide note... 2 attempts left.
2025-07-19 08:29:04,402 - Processing this is a suicide note by itssvd...
2025-07-19 08:29:04,894 - Retrying download for this is a suicide note... 1 attempts left.
2025-07-19 08:29:06,895 - Processing this is a suicide note by itssvd...
2025-07-19 08:29:07,359 - Retrying download for this is a suicide note... 0 attempts left.
2025-07-19 08:29:09,360 - Processing Matters by itssvd...
2025-07-19 08:29:15,457 - Downloaded successfully: C:/Users/Dári Andrea/Desktop/test\Shiloh_Dynasty_Relax_Music_With_Rain\itssvd - Matters.mp3
2025-07-19 08:29:15,458 - Processing Broken Heart by itssvd...
2025-07-19 08:29:22,136 - Downloaded successfully: C:/Users/Dári Andrea/Desktop/test\Shiloh_Dynasty_Relax_Music_With_Rain\itssvd - Broken Heart.mp3
2025-07-19 08:29:22,138 - Processing End by itssvd...
2025-07-19 08:29:28,863 - Downloaded successfully: C:/Users/Dári Andrea/Desktop/test\Shiloh_Dynasty_Relax_Music_With_Rain\itssvd - End.mp3
2025-07-19 08:29:28,863 - Processing Interlude (When All Starts) by itssvd...
2025-07-19 08:29:35,045 - Downloaded successfully: C:/Users/Dári Andrea/Desktop/test\Shiloh_Dynasty_Relax_Music_With_Rain\itssvd - Interlude (When All Starts).mp3
2025-07-19 08:29:35,045 - Processing Love Hurts by itssvd...
2025-07-19 08:29:42,888 - Downloaded successfully: C:/Users/Dári Andrea/Desktop/test\Shiloh_Dynasty_Relax_Music_With_Rain\itssvd - Love Hurts.mp3
2025-07-19 08:29:42,889 - Processing Loving You by itssvd...
2025-07-19 08:29:51,625 - Downloaded successfully: C:/Users/Dári Andrea/Desktop/test\Shiloh_Dynasty_Relax_Music_With_Rain\itssvd - Loving You.mp3
2025-07-19 08:29:51,626 - Processing Obsession by itssvd...
2025-07-19 08:29:58,498 - Downloaded successfully: C:/Users/Dári Andrea/Desktop/test\Shiloh_Dynasty_Relax_Music_With_Rain\itssvd - Obsession.mp3
2025-07-19 08:29:58,498 - Processing among the trees by Arden Records...
2025-07-19 08:30:06,073 - Downloaded successfully: C:/Users/Dári Andrea/Desktop/test\Shiloh_Dynasty_Relax_Music_With_Rain\Arden Records - among the trees.mp3
2025-07-19 08:30:06,074 - Processing worst day by sagun...
2025-07-19 08:30:12,730 - Downloaded successfully: C:/Users/Dári Andrea/Desktop/test\Shiloh_Dynasty_Relax_Music_With_Rain\sagun - worst day.mp3
2025-07-19 08:30:12,731 - Processing rains by sagun...
2025-07-19 08:30:19,059 - Downloaded successfully: C:/Users/Dári Andrea/Desktop/test\Shiloh_Dynasty_Relax_Music_With_Rain\sagun - rains.mp3
2025-07-19 08:30:19,060 - Processing lost in tokyo (feat. Shalfi) by sagun...
2025-07-19 08:30:26,610 - Downloaded successfully: C:/Users/Dári Andrea/Desktop/test\Shiloh_Dynasty_Relax_Music_With_Rain\sagun - lost in tokyo (feat. Shalfi).mp3
2025-07-19 08:30:26,610 - Processing you're not like everyone else by sagun...
2025-07-19 08:30:33,477 - Downloaded successfully: C:/Users/Dári Andrea/Desktop/test\Shiloh_Dynasty_Relax_Music_With_Rain\sagun - youre not like everyone else.mp3
2025-07-19 08:30:33,478 - Processing i don't want to say too much by sagun...
2025-07-19 08:30:41,041 - Downloaded successfully: C:/Users/Dári Andrea/Desktop/test\Shiloh_Dynasty_Relax_Music_With_Rain\sagun - i dont want to say too much.mp3
2025-07-19 08:30:41,041 - Processing Is It True? by sagun...
2025-07-19 08:30:50,518 - Downloaded successfully: C:/Users/Dári Andrea/Desktop/test\Shiloh_Dynasty_Relax_Music_With_Rain\sagun - Is It True.mp3
2025-07-19 08:30:50,519 - Processing clouds by Arden Records...
2025-07-19 08:30:57,887 - Downloaded successfully: C:/Users/Dári Andrea/Desktop/test\Shiloh_Dynasty_Relax_Music_With_Rain\Arden Records - clouds.mp3
2025-07-19 08:30:57,888 - Processing valley by Arden Records...
2025-07-19 08:31:06,317 - Downloaded successfully: C:/Users/Dári Andrea/Desktop/test\Shiloh_Dynasty_Relax_Music_With_Rain\Arden Records - valley.mp3
2025-07-19 08:31:06,318 - Processing voyage by Arden Records...
2025-07-19 08:31:14,428 - Downloaded successfully: C:/Users/Dári Andrea/Desktop/test\Shiloh_Dynasty_Relax_Music_With_Rain\Arden Records - voyage.mp3
2025-07-19 08:31:14,429 - Processing Arden - pecna Remix by Arden Records...
2025-07-19 08:31:22,572 - Downloaded successfully: C:/Users/Dári Andrea/Desktop/test\Shiloh_Dynasty_Relax_Music_With_Rain\Arden Records - Arden - pecna Remix.mp3
2025-07-19 08:31:22,573 - Processing say (feat. Elyahu) by sagun...
2025-07-19 08:31:29,831 - Downloaded successfully: C:/Users/Dári Andrea/Desktop/test\Shiloh_Dynasty_Relax_Music_With_Rain\sagun - say (feat. Elyahu).mp3
2025-07-19 08:31:29,832 - Processing come alive (feat. Pink Sweat$) by sagun...
2025-07-19 08:31:36,909 - Downloaded successfully: C:/Users/Dári Andrea/Desktop/test\Shiloh_Dynasty_Relax_Music_With_Rain\sagun - come alive (feat. Pink Sweat).mp3
2025-07-19 08:31:36,910 - Processing soleil by sagun...
2025-07-19 08:31:43,212 - Downloaded successfully: C:/Users/Dári Andrea/Desktop/test\Shiloh_Dynasty_Relax_Music_With_Rain\sagun - soleil.mp3
2025-07-19 08:31:43,212 - Processing fast life by sagun...
2025-07-19 08:31:50,134 - Downloaded successfully: C:/Users/Dári Andrea/Desktop/test\Shiloh_Dynasty_Relax_Music_With_Rain\sagun - fast life.mp3
2025-07-19 08:31:50,135 - Processing alpenglow by sagun...
2025-07-19 08:31:56,657 - Downloaded successfully: C:/Users/Dári Andrea/Desktop/test\Shiloh_Dynasty_Relax_Music_With_Rain\sagun - alpenglow.mp3
2025-07-19 08:31:56,658 - Processing come alive by sagun...
2025-07-19 08:32:03,722 - Downloaded successfully: C:/Users/Dári Andrea/Desktop/test\Shiloh_Dynasty_Relax_Music_With_Rain\sagun - come alive.mp3
2025-07-19 08:32:03,722 - Processing sidewalk by sagun...
2025-07-19 08:32:11,822 - Downloaded successfully: C:/Users/Dári Andrea/Desktop/test\Shiloh_Dynasty_Relax_Music_With_Rain\sagun - sidewalk.mp3
2025-07-19 08:32:11,822 - Processing circles by sagun...
2025-07-19 08:32:18,292 - Downloaded successfully: C:/Users/Dári Andrea/Desktop/test\Shiloh_Dynasty_Relax_Music_With_Rain\sagun - circles.mp3
2025-07-19 08:32:18,293 - Processing surface by sagun...
2025-07-19 08:32:25,226 - Downloaded successfully: C:/Users/Dári Andrea/Desktop/test\Shiloh_Dynasty_Relax_Music_With_Rain\sagun - surface.mp3
2025-07-19 08:32:25,226 - Processing 8 hours by sagun...
2025-07-19 08:32:31,767 - Downloaded successfully: C:/Users/Dári Andrea/Desktop/test\Shiloh_Dynasty_Relax_Music_With_Rain\sagun - 8 hours.mp3
2025-07-19 08:32:31,768 - Processing in the ocean by sagun...
2025-07-19 08:32:39,088 - Downloaded successfully: C:/Users/Dári Andrea/Desktop/test\Shiloh_Dynasty_Relax_Music_With_Rain\sagun - in the ocean.mp3
2025-07-19 08:32:39,089 - Processing waves by sagun...
2025-07-19 08:32:45,643 - Downloaded successfully: C:/Users/Dári Andrea/Desktop/test\Shiloh_Dynasty_Relax_Music_With_Rain\sagun - waves.mp3
2025-07-19 08:32:45,643 - Processing high by sagun...
2025-07-19 08:32:51,568 - Downloaded successfully: C:/Users/Dári Andrea/Desktop/test\Shiloh_Dynasty_Relax_Music_With_Rain\sagun - high.mp3
2025-07-19 08:32:51,569 - Processing Waka Flocka by sagun...
2025-07-19 08:32:58,553 - Downloaded successfully: C:/Users/Dári Andrea/Desktop/test\Shiloh_Dynasty_Relax_Music_With_Rain\sagun - Waka Flocka.mp3
2025-07-19 08:32:58,553 - Processing lustin' on you by sagun...
2025-07-19 08:33:05,170 - Downloaded successfully: C:/Users/Dári Andrea/Desktop/test\Shiloh_Dynasty_Relax_Music_With_Rain\sagun - lustin on you.mp3
2025-07-19 08:33:05,171 - Processing fallin' back by sagun...
2025-07-19 08:33:12,127 - Downloaded successfully: C:/Users/Dári Andrea/Desktop/test\Shiloh_Dynasty_Relax_Music_With_Rain\sagun - fallin back.mp3
2025-07-19 08:33:12,127 - Processing go off again by sagun...
2025-07-19 08:33:18,478 - Downloaded successfully: C:/Users/Dári Andrea/Desktop/test\Shiloh_Dynasty_Relax_Music_With_Rain\sagun - go off again.mp3
2025-07-19 08:33:18,479 - Processing tell no lies by sagun...
2025-07-19 08:33:24,379 - Downloaded successfully: C:/Users/Dári Andrea/Desktop/test\Shiloh_Dynasty_Relax_Music_With_Rain\sagun - tell no lies.mp3
2025-07-19 08:33:24,380 - Processing we thought you were dead by sagun...
2025-07-19 08:33:31,205 - Downloaded successfully: C:/Users/Dári Andrea/Desktop/test\Shiloh_Dynasty_Relax_Music_With_Rain\sagun - we thought you were dead.mp3
2025-07-19 08:33:31,206 - Processing Waiting for You (Interlude) by prxz...
2025-07-19 08:33:37,479 - Downloaded successfully: C:/Users/Dári Andrea/Desktop/test\Shiloh_Dynasty_Relax_Music_With_Rain\prxz - Waiting for You (Interlude).mp3
2025-07-19 08:33:37,479 - Processing Homesick by softy...
2025-07-19 08:33:44,967 - Downloaded successfully: C:/Users/Dári Andrea/Desktop/test\Shiloh_Dynasty_Relax_Music_With_Rain\softy - Homesick.mp3
2025-07-19 08:33:44,967 - Processing Wake Up by Aylior...
2025-07-19 08:34:00,786 - Downloaded successfully: C:/Users/Dári Andrea/Desktop/test\Shiloh_Dynasty_Relax_Music_With_Rain\Aylior - Wake Up.mp3
2025-07-19 08:34:00,787 - Processing Sleepy Little One by Kupla...
2025-07-19 08:34:08,717 - Downloaded successfully: C:/Users/Dári Andrea/Desktop/test\Shiloh_Dynasty_Relax_Music_With_Rain\Kupla - Sleepy Little One.mp3
2025-07-19 08:34:08,718 - Processing Missing You by Purrple Cat...
2025-07-19 08:34:17,556 - Downloaded successfully: C:/Users/Dári Andrea/Desktop/test\Shiloh_Dynasty_Relax_Music_With_Rain\Purrple Cat - Missing You.mp3
2025-07-19 08:34:17,556 - Processing It Started Raining as I Was Walking Home by The Delirious Artist...
2025-07-19 08:34:24,930 - Downloaded successfully: C:/Users/Dári Andrea/Desktop/test\Shiloh_Dynasty_Relax_Music_With_Rain\The Delirious Artist - It Started Raining as I Was Walking Home.mp3
2025-07-19 08:34:24,931 - Processing Maxell by Mund...
2025-07-19 08:34:31,440 - Downloaded successfully: C:/Users/Dári Andrea/Desktop/test\Shiloh_Dynasty_Relax_Music_With_Rain\Mund - Maxell.mp3
2025-07-19 08:34:31,441 - Processing Hawaii by Cosmonkey...
2025-07-19 08:34:38,216 - Downloaded successfully: C:/Users/Dári Andrea/Desktop/test\Shiloh_Dynasty_Relax_Music_With_Rain\Cosmonkey - Hawaii.mp3
2025-07-19 08:34:38,217 - Processing School Rooftop by Hisohkah...
2025-07-19 08:34:45,699 - Downloaded successfully: C:/Users/Dári Andrea/Desktop/test\Shiloh_Dynasty_Relax_Music_With_Rain\Hisohkah - School Rooftop.mp3
2025-07-19 08:34:45,700 - Processing Twin Peaks by Druid...
2025-07-19 08:34:52,345 - Downloaded successfully: C:/Users/Dári Andrea/Desktop/test\Shiloh_Dynasty_Relax_Music_With_Rain\Druid - Twin Peaks.mp3
2025-07-19 08:34:52,346 - Processing Distracted by Smith Beats...
2025-07-19 08:34:59,271 - Downloaded successfully: C:/Users/Dári Andrea/Desktop/test\Shiloh_Dynasty_Relax_Music_With_Rain\Smith Beats - Distracted.mp3
2025-07-19 08:34:59,272 - Processing Lonely Nights by Yasumu...
2025-07-19 08:35:06,661 - Downloaded successfully: C:/Users/Dári Andrea/Desktop/test\Shiloh_Dynasty_Relax_Music_With_Rain\Yasumu - Lonely Nights.mp3
2025-07-19 08:35:06,661 - Processing Yesterday by Neotic...
2025-07-19 08:35:14,180 - Downloaded successfully: C:/Users/Dári Andrea/Desktop/test\Shiloh_Dynasty_Relax_Music_With_Rain\Neotic - Yesterday.mp3
2025-07-19 08:35:14,181 - Processing return by Neotic...
2025-07-19 08:35:21,460 - Downloaded successfully: C:/Users/Dári Andrea/Desktop/test\Shiloh_Dynasty_Relax_Music_With_Rain\Neotic - return.mp3
2025-07-19 08:35:21,461 - Processing Unlit by Neotic...
2025-07-19 08:35:29,942 - Downloaded successfully: C:/Users/Dári Andrea/Desktop/test\Shiloh_Dynasty_Relax_Music_With_Rain\Neotic - Unlit.mp3
2025-07-19 08:35:29,942 - Processing petrichor by Neotic...
2025-07-19 08:35:36,754 - Downloaded successfully: C:/Users/Dári Andrea/Desktop/test\Shiloh_Dynasty_Relax_Music_With_Rain\Neotic - petrichor.mp3
2025-07-19 08:35:36,755 - Processing Numb by Comodo...
2025-07-19 08:35:45,005 - Downloaded successfully: C:/Users/Dári Andrea/Desktop/test\Shiloh_Dynasty_Relax_Music_With_Rain\Comodo - Numb.mp3
2025-07-19 08:35:45,006 - Processing Get Lost In The Mind's Ocean by eugenio izzi...
2025-07-19 08:35:52,063 - Downloaded successfully: C:/Users/Dári Andrea/Desktop/test\Shiloh_Dynasty_Relax_Music_With_Rain\eugenio izzi - Get Lost In The Minds Ocean.mp3
2025-07-19 08:35:52,064 - Processing Breath by H.1...
2025-07-19 08:35:58,875 - Downloaded successfully: C:/Users/Dári Andrea/Desktop/test\Shiloh_Dynasty_Relax_Music_With_Rain\H.1 - Breath.mp3
2025-07-19 08:35:58,875 - Processing Bodies by kudo...
2025-07-19 08:36:05,920 - Downloaded successfully: C:/Users/Dári Andrea/Desktop/test\Shiloh_Dynasty_Relax_Music_With_Rain\kudo - Bodies.mp3
2025-07-19 08:36:05,921 - Processing Snowflakes by E I S U...
2025-07-19 08:36:11,851 - Downloaded successfully: C:/Users/Dári Andrea/Desktop/test\Shiloh_Dynasty_Relax_Music_With_Rain\E I S U - Snowflakes.mp3
2025-07-19 08:36:11,851 - Processing Weightless by TABAL...
2025-07-19 08:36:18,732 - Downloaded successfully: C:/Users/Dári Andrea/Desktop/test\Shiloh_Dynasty_Relax_Music_With_Rain\TABAL - Weightless.mp3
2025-07-19 08:36:18,734 - Processing Frozen Snow by A[way]...
2025-07-19 08:36:25,111 - Downloaded successfully: C:/Users/Dári Andrea/Desktop/test\Shiloh_Dynasty_Relax_Music_With_Rain\Away - Frozen Snow.mp3
2025-07-19 08:36:25,111 - Processing Perpetual by goosetaf...
2025-07-19 08:36:32,959 - Downloaded successfully: C:/Users/Dári Andrea/Desktop/test\Shiloh_Dynasty_Relax_Music_With_Rain\goosetaf - Perpetual.mp3
2025-07-19 08:36:32,959 - Processing Somewhere Else by dryhope...
2025-07-19 08:36:39,923 - Downloaded successfully: C:/Users/Dári Andrea/Desktop/test\Shiloh_Dynasty_Relax_Music_With_Rain\dryhope - Somewhere Else.mp3
2025-07-19 08:36:39,923 - Processing What If It All Turned out Fine by Jhove...
2025-07-19 08:36:47,439 - Downloaded successfully: C:/Users/Dári Andrea/Desktop/test\Shiloh_Dynasty_Relax_Music_With_Rain\Jhove - What If It All Turned out Fine.mp3
2025-07-19 08:36:47,440 - Processing Sheets by E I S U...
2025-07-19 08:36:54,021 - Downloaded successfully: C:/Users/Dári Andrea/Desktop/test\Shiloh_Dynasty_Relax_Music_With_Rain\E I S U - Sheets.mp3
2025-07-19 08:36:54,022 - Processing Gentle Wind by Kanisan...
2025-07-19 08:37:00,737 - Downloaded successfully: C:/Users/Dári Andrea/Desktop/test\Shiloh_Dynasty_Relax_Music_With_Rain\Kanisan - Gentle Wind.mp3
2025-07-19 08:37:00,738 - Processing Midnight Snack by Purrple Cat...
2025-07-19 08:37:08,585 - Downloaded successfully: C:/Users/Dári Andrea/Desktop/test\Shiloh_Dynasty_Relax_Music_With_Rain\Purrple Cat - Midnight Snack.mp3
2025-07-19 08:37:08,585 - Processing replay by heavenly curse...
2025-07-19 08:37:17,243 - Downloaded successfully: C:/Users/Dári Andrea/Desktop/test\Shiloh_Dynasty_Relax_Music_With_Rain\heavenly curse - replay.mp3
2025-07-19 08:37:17,244 - Processing The Day You Left by amies...
2025-07-19 08:37:24,489 - Downloaded successfully: C:/Users/Dári Andrea/Desktop/test\Shiloh_Dynasty_Relax_Music_With_Rain\amies - The Day You Left.mp3
2025-07-19 08:37:24,489 - Processing Sugar Coat by Purrple Cat...
2025-07-19 08:37:32,325 - Downloaded successfully: C:/Users/Dári Andrea/Desktop/test\Shiloh_Dynasty_Relax_Music_With_Rain\Purrple Cat - Sugar Coat.mp3
2025-07-19 08:37:32,326 - Processing Midnight Thoughts by Yasumu...
2025-07-19 08:37:38,926 - Downloaded successfully: C:/Users/Dári Andrea/Desktop/test\Shiloh_Dynasty_Relax_Music_With_Rain\Yasumu - Midnight Thoughts.mp3
2025-07-19 08:37:38,928 - Processing Jocelyn Flores by Dontcry...
2025-07-19 08:37:45,165 - Downloaded successfully: C:/Users/Dári Andrea/Desktop/test\Shiloh_Dynasty_Relax_Music_With_Rain\Dontcry - Jocelyn Flores.mp3
2025-07-19 08:37:45,166 - Processing So Unfair by Ondi Vil...
2025-07-19 08:37:50,944 - Downloaded successfully: C:/Users/Dári Andrea/Desktop/test\Shiloh_Dynasty_Relax_Music_With_Rain\Ondi Vil - So Unfair.mp3
2025-07-19 08:37:50,945 - Processing pure imagination by shiloh....
2025-07-19 08:37:57,182 - Downloaded successfully: C:/Users/Dári Andrea/Desktop/test\Shiloh_Dynasty_Relax_Music_With_Rain\shiloh. - pure imagination.mp3
2025-07-19 08:37:57,183 - Download completed for playlist.
2025-07-19 08:44:08,272 - Processing Calling My Phone by Lil Tjay...
2025-07-19 08:44:16,667 - Downloaded successfully: C:/Users/Dári Andrea/Desktop/spotify clone-full stack-finishedalready-konyorgom-ketszer/spotify clone-full stack-finishedalready/frontend/public/songs\Best_musics\Lil Tjay - Calling My Phone.mp3
2025-07-19 08:44:16,667 - Download completed for playlist.
